<?xml version="1.0" encoding="UTF-8" ?>
<testsuite errors="0" failures="0" hostname="Tarek-MacBook-Pro-Retina.local" name="Controller.TestTest" skipped="0" tests="3" time="0.117" timestamp="2021-10-19T06:06:26">
  <properties>
[...]
</properties>
  <testcase classname="Controller.TestTest" name="testGiveA" time="0.002" />
  <testcase classname="Controller.TestTest" name="testGiveB" time="0.0" />
  <testcase classname="Controller.TestTest" name="testGiveC" time="0.0" />
  <system-out><![CDATA[giveA
giveB
giveC
]]></system-out>
  <system-err><![CDATA[]]></system-err>
</testsuite>
